<?xml version="1.0" encoding="UTF-8"?>
<testsuite xmlns:xsi="http://www.w3.org/2001/XMLSchema-instance" xsi:noNamespaceSchemaLocation="https://maven.apache.org/surefire/maven-surefire-plugin/xsd/surefire-test-report.xsd" name="com.tera.SalesOrderHeaderRepoTests" time="13.712" tests="2" errors="1" skipped="0" failures="0">
  <properties>
[...]
</properties>
  <testcase name="testSave" classname="com.tera.SalesOrderHeaderRepoTests" time="0.954"/>
  <testcase name="nativeQueries" classname="com.tera.SalesOrderHeaderRepoTests" time="0.165">
    <error message="could not prepare statement; SQL [select sum(totaldue) from Dice_RDM.SalesOrderHeader group by EXTRACT(year FROM shipdate)]; nested exception is org.hibernate.exception.SQLGrammarException: could not prepare statement" type="org.springframework.dao.InvalidDataAccessResourceUsageException">org.springframework.dao.InvalidDataAccessResourceUsageException: could not prepare statement; SQL [select sum(totaldue) from Dice_RDM.SalesOrderHeader group by EXTRACT(year FROM shipdate)]; nested exception is org.hibernate.exception.SQLGrammarException: could not prepare statement
	at com.tera.SalesOrderHeaderRepoTests.nativeQueries(SalesOrderHeaderRepoTests.java:71)
Caused by: org.hibernate.exception.SQLGrammarException: could not prepare statement
	at com.tera.SalesOrderHeaderRepoTests.nativeQueries(SalesOrderHeaderRepoTests.java:71)
Caused by: org.h2.jdbc.JdbcSQLSyntaxErrorException: 
Schema "DICE_RDM" not found; SQL statement:
select sum(totaldue) from Dice_RDM.SalesOrderHeader group by EXTRACT(year FROM shipdate) [90079-199]
	at com.tera.SalesOrderHeaderRepoTests.nativeQueries(SalesOrderHeaderRepoTests.java:71)
</error>
    <system-out><![CDATA[2019-05-22 20:29:30.925  INFO 2628 --- [           main] o.s.t.c.transaction.TransactionContext   : Began transaction (1) for test context [DefaultTestContext@2bec854f testClass = SalesOrderHeaderRepoTests, testInstance = com.tera.SalesOrderHeaderRepoTests@e60c5a, testMethod = nativeQueries@SalesOrderHeaderRepoTests, testException = [null], mergedContextConfiguration = [MergedContextConfiguration@31edaa7d testClass = SalesOrderHeaderRepoTests, locations = '{}', classes = '{class com.tera.TeraDataFinalApplication}', contextInitializerClasses = '[]', activeProfiles = '{}', propertySourceLocations = '{}', propertySourceProperties = '{org.springframework.boot.test.autoconfigure.orm.jpa.DataJpaTestContextBootstrapper=true}', contextCustomizers = set[[ImportsContextCustomizer@26adfd2d key = [org.springframework.boot.autoconfigure.cache.CacheAutoConfiguration, org.springframework.boot.autoconfigure.data.jpa.JpaRepositoriesAutoConfiguration, org.springframework.boot.autoconfigure.flyway.FlywayAutoConfiguration, org.springframework.boot.autoconfigure.jdbc.DataSourceAutoConfiguration, org.springframework.boot.autoconfigure.jdbc.DataSourceTransactionManagerAutoConfiguration, org.springframework.boot.autoconfigure.jdbc.JdbcTemplateAutoConfiguration, org.springframework.boot.autoconfigure.liquibase.LiquibaseAutoConfiguration, org.springframework.boot.autoconfigure.orm.jpa.HibernateJpaAutoConfiguration, org.springframework.boot.autoconfigure.transaction.TransactionAutoConfiguration, org.springframework.boot.test.autoconfigure.jdbc.TestDatabaseAutoConfiguration, org.springframework.boot.test.autoconfigure.orm.jpa.TestEntityManagerAutoConfiguration]], org.springframework.boot.test.context.filter.ExcludeFilterContextCustomizer@5677323c, org.springframework.boot.test.json.DuplicateJsonObjectContextCustomizerFactory$DuplicateJsonObjectContextCustomizer@4d154ccd, org.springframework.boot.test.mock.mockito.MockitoContextCustomizer@0, org.springframework.boot.test.autoconfigure.OverrideAutoConfigurationContextCustomizerFactory$DisableAutoConfigurationContextCustomizer@2892d68, org.springframework.boot.test.autoconfigure.filter.TypeExcludeFiltersContextCustomizer@351584c0, org.springframework.boot.test.autoconfigure.properties.PropertyMappingContextCustomizer@2625c35d, org.springframework.boot.test.autoconfigure.web.servlet.WebDriverContextCustomizerFactory$Customizer@54422e18], contextLoader = 'org.springframework.boot.test.context.SpringBootContextLoader', parent = [null]], attributes = map[[empty]]]; transaction manager [org.springframework.orm.jpa.JpaTransactionManager@3c6bd624]; rollback [true]
Hibernate: insert into salesorderheader (businessentityid, accountnumber, billtoaddressid, creditcardapprovalcode, credit_card_id, currencyrateid, duedate, freight, onlineorderflag, orderdate, purchaseordernumber, revisionnumber, salesorderid, salesordernumber, shipdate, shipmethodid, shiptoaddressid, status, subtotal, taxamt, territoryid, total_due) values (null, ?, ?, ?, ?, ?, ?, ?, ?, ?, ?, ?, ?, ?, ?, ?, ?, ?, ?, ?, ?, ?)
Hibernate: select sum(totaldue) from Dice_RDM.SalesOrderHeader group by EXTRACT(year FROM shipdate)
2019-05-22 20:29:31.021  WARN 2628 --- [           main] o.h.engine.jdbc.spi.SqlExceptionHelper   : SQL Error: 90079, SQLState: 90079
2019-05-22 20:29:31.021 ERROR 2628 --- [           main] o.h.engine.jdbc.spi.SqlExceptionHelper   : Schema "DICE_RDM" not found; SQL statement:
select sum(totaldue) from Dice_RDM.SalesOrderHeader group by EXTRACT(year FROM shipdate) [90079-199]
2019-05-22 20:29:31.038  INFO 2628 --- [           main] o.s.t.c.transaction.TransactionContext   : Rolled back transaction for test: [DefaultTestContext@2bec854f testClass = SalesOrderHeaderRepoTests, testInstance = com.tera.SalesOrderHeaderRepoTests@e60c5a, testMethod = nativeQueries@SalesOrderHeaderRepoTests, testException = org.springframework.dao.InvalidDataAccessResourceUsageException: could not prepare statement; SQL [select sum(totaldue) from Dice_RDM.SalesOrderHeader group by EXTRACT(year FROM shipdate)]; nested exception is org.hibernate.exception.SQLGrammarException: could not prepare statement, mergedContextConfiguration = [MergedContextConfiguration@31edaa7d testClass = SalesOrderHeaderRepoTests, locations = '{}', classes = '{class com.tera.TeraDataFinalApplication}', contextInitializerClasses = '[]', activeProfiles = '{}', propertySourceLocations = '{}', propertySourceProperties = '{org.springframework.boot.test.autoconfigure.orm.jpa.DataJpaTestContextBootstrapper=true}', contextCustomizers = set[[ImportsContextCustomizer@26adfd2d key = [org.springframework.boot.autoconfigure.cache.CacheAutoConfiguration, org.springframework.boot.autoconfigure.data.jpa.JpaRepositoriesAutoConfiguration, org.springframework.boot.autoconfigure.flyway.FlywayAutoConfiguration, org.springframework.boot.autoconfigure.jdbc.DataSourceAutoConfiguration, org.springframework.boot.autoconfigure.jdbc.DataSourceTransactionManagerAutoConfiguration, org.springframework.boot.autoconfigure.jdbc.JdbcTemplateAutoConfiguration, org.springframework.boot.autoconfigure.liquibase.LiquibaseAutoConfiguration, org.springframework.boot.autoconfigure.orm.jpa.HibernateJpaAutoConfiguration, org.springframework.boot.autoconfigure.transaction.TransactionAutoConfiguration, org.springframework.boot.test.autoconfigure.jdbc.TestDatabaseAutoConfiguration, org.springframework.boot.test.autoconfigure.orm.jpa.TestEntityManagerAutoConfiguration]], org.springframework.boot.test.context.filter.ExcludeFilterContextCustomizer@5677323c, org.springframework.boot.test.json.DuplicateJsonObjectContextCustomizerFactory$DuplicateJsonObjectContextCustomizer@4d154ccd, org.springframework.boot.test.mock.mockito.MockitoContextCustomizer@0, org.springframework.boot.test.autoconfigure.OverrideAutoConfigurationContextCustomizerFactory$DisableAutoConfigurationContextCustomizer@2892d68, org.springframework.boot.test.autoconfigure.filter.TypeExcludeFiltersContextCustomizer@351584c0, org.springframework.boot.test.autoconfigure.properties.PropertyMappingContextCustomizer@2625c35d, org.springframework.boot.test.autoconfigure.web.servlet.WebDriverContextCustomizerFactory$Customizer@54422e18], contextLoader = 'org.springframework.boot.test.context.SpringBootContextLoader', parent = [null]], attributes = map[[empty]]]
]]></system-out>
  </testcase>
</testsuite>